tcpdump: listening on eth0, link-type EN10MB (Ethernet), capture size 65535 bytes
tcpdump: listening on eth0, link-type EN10MB (Ethernet), capture size 65535 bytes
tcpdump: listening on eth0, link-type EN10MB (Ethernet), capture size 65535 bytes
tcpdump: listening on eth0, link-type EN10MB (Ethernet), capture size 65535 bytes
0 packets captured
0 packets received by filter
0 packets dropped by kernel
tcpdump: listening on eth0, link-type EN10MB (Ethernet), capture size 65535 bytes
tcpdump: listening on eth0, link-type EN10MB (Ethernet), capture size 65535 bytes
tcpdump: listening on eth0, link-type EN10MB (Ethernet), capture size 65535 bytes
0 packets captured
0 packets received by filter
0 packets dropped by kernel
tcpdump: listening on eth0, link-type EN10MB (Ethernet), capture size 65535 bytes
1552 packets captured
1552 packets received by filter
0 packets dropped by kernel
tcpdump: illegal token: {
tcpdump: illegal token: {
tcpdump: listening on eth0, link-type EN10MB (Ethernet), capture size 65535 bytes
tcpdump: listening on eth0, link-type EN10MB (Ethernet), capture size 65535 bytes
179 packets captured
179 packets received by filter
0 packets dropped by kernel
tcpdump: listening on eth0, link-type EN10MB (Ethernet), capture size 65535 bytes
0 packets captured
0 packets received by filter
0 packets dropped by kernel
tcpdump: listening on eth0, link-type EN10MB (Ethernet), capture size 65535 bytes
210 packets captured
210 packets received by filter
0 packets dropped by kernel
tcpdump: listening on eth0, link-type EN10MB (Ethernet), capture size 65535 bytes
52 packets captured
52 packets received by filter
0 packets dropped by kernel
tcpdump: listening on eth0, link-type EN10MB (Ethernet), capture size 65535 bytes
327 packets captured
329 packets received by filter
0 packets dropped by kernel
tcpdump: listening on eth0, link-type EN10MB (Ethernet), capture size 65535 bytes
618 packets captured
618 packets received by filter
0 packets dropped by kernel
tcpdump: syntax error
tcpdump: syntax error
tcpdump: syntax error
tcpdump: listening on eth0, link-type EN10MB (Ethernet), capture size 65535 bytes
221 packets captured
221 packets received by filter
0 packets dropped by kernel
tcpdump: listening on eth0, link-type EN10MB (Ethernet), capture size 65535 bytes
0 packets captured
0 packets received by filter
0 packets dropped by kernel
tcpdump: listening on eth0, link-type EN10MB (Ethernet), capture size 65535 bytes
260 packets captured
260 packets received by filter
0 packets dropped by kernel
tcpdump: listening on eth0, link-type EN10MB (Ethernet), capture size 65535 bytes
52 packets captured
52 packets received by filter
0 packets dropped by kernel
tcpdump: listening on eth0, link-type EN10MB (Ethernet), capture size 65535 bytes
52 packets captured
52 packets received by filter
0 packets dropped by kernel
tcpdump: listening on eth0, link-type EN10MB (Ethernet), capture size 65535 bytes
54 packets captured
54 packets received by filter
0 packets dropped by kernel
tcpdump: listening on eth0, link-type EN10MB (Ethernet), capture size 65535 bytes
52 packets captured
52 packets received by filter
0 packets dropped by kernel
tcpdump: listening on eth0, link-type EN10MB (Ethernet), capture size 65535 bytes
52 packets captured
58 packets received by filter
0 packets dropped by kernel
tcpdump: listening on eth0, link-type EN10MB (Ethernet), capture size 65535 bytes
52 packets captured
52 packets received by filter
0 packets dropped by kernel
tcpdump: listening on eth0, link-type EN10MB (Ethernet), capture size 65535 bytes
61 packets captured
61 packets received by filter
0 packets dropped by kernel
tcpdump: listening on eth0, link-type EN10MB (Ethernet), capture size 65535 bytes
50 packets captured
52 packets received by filter
0 packets dropped by kernel
tcpdump: listening on eth0, link-type EN10MB (Ethernet), capture size 65535 bytes
0 packets captured
0 packets received by filter
0 packets dropped by kernel
tcpdump: listening on eth0, link-type EN10MB (Ethernet), capture size 65535 bytes
0 packets captured
0 packets received by filter
0 packets dropped by kernel
tcpdump: listening on eth0, link-type EN10MB (Ethernet), capture size 65535 bytes
0 packets captured
0 packets received by filter
0 packets dropped by kernel
tcpdump: listening on eth0, link-type EN10MB (Ethernet), capture size 65535 bytes
64 packets captured
64 packets received by filter
0 packets dropped by kernel
tcpdump: listening on eth0, link-type EN10MB (Ethernet), capture size 65535 bytes
0 packets captured
4 packets received by filter
0 packets dropped by kernel
tcpdump: listening on eth0, link-type EN10MB (Ethernet), capture size 65535 bytes
53 packets captured
53 packets received by filter
0 packets dropped by kernel
tcpdump: listening on eth0, link-type EN10MB (Ethernet), capture size 65535 bytes
153 packets captured
153 packets received by filter
0 packets dropped by kernel
tcpdump: listening on eth0, link-type EN10MB (Ethernet), capture size 65535 bytes
0 packets captured
1 packet received by filter
0 packets dropped by kernel
tcpdump: listening on eth0, link-type EN10MB (Ethernet), capture size 65535 bytes
0 packets captured
0 packets received by filter
0 packets dropped by kernel
